0.939836323261261 0.8252754807472229
0.7946690917015076 0.7816518545150757
0.7669604420661926 0.7649267911911011
0.7502889633178711 0.749290406703949
0.7390840649604797 0.7402269840240479
0.731147825717926 0.7323183417320251
0.7245926260948181 0.7252763509750366
0.7193281054496765 0.7235437035560608
0.7146496176719666 0.7191996574401855
0.7112241387367249 0.7188671231269836
0.709013819694519 0.7130792737007141
0.7062628269195557 0.7101442813873291
0.7036147713661194 0.7076347470283508
0.7020639181137085 0.7070872783660889
0.7008525133132935 0.7052415013313293
0.6987560987472534 0.7073357701301575
0.6979504227638245 0.7022098302841187
0.6958277225494385 0.702134907245636
0.6949991583824158 0.7007694840431213
0.6934886574745178 0.6988105773925781
0.6927045583724976 0.7006655931472778
0.6918213963508606 0.6959362030029297
0.6909286975860596 0.6967101097106934
0.6900942325592041 0.6973322629928589
0.6893154978752136 0.6976926922798157
0.6889922022819519 0.6946704387664795
0.6875129342079163 0.6945489048957825
0.6874483227729797 0.6933489441871643
0.6866234540939331 0.6930020451545715
0.6860198378562927 0.6922138929367065
