1.373902678489685 1.1489880084991455
1.0619126558303833 1.0049790143966675
0.9650802612304688 0.9352441430091858
0.9059804677963257 0.8872718214988708
1.1572325229644775 1.0130560398101807
0.9660340547561646 0.9371538162231445
0.9147104024887085 0.9015706181526184
0.88535076379776 0.8772381544113159
0.864496111869812 0.8601830005645752
0.8499084711074829 0.8479247689247131
0.8390214443206787 0.8385075330734253
0.8304761052131653 0.8309530019760132
0.8233997821807861 0.8246482610702515
0.8173237442970276 0.8190284371376038
0.8119942545890808 0.8140329718589783
0.8072112202644348 0.8096301555633545
0.8027402758598328 0.8052036166191101
0.7984275817871094 0.8010379076004028
0.7943837642669678 0.7970507144927979
0.7905615568161011 0.7933670282363892
0.7870039939880371 0.7901228070259094
0.7836545705795288 0.7867777943611145
0.7805363535881042 0.7837887406349182
0.7776575684547424 0.7810491919517517
0.7749364972114563 0.7784970998764038
0.7724403738975525 0.7759618759155273
0.7700758576393127 0.7736530303955078
0.7678565382957458 0.7715014219284058
0.7656694054603577 0.7693555355072021
0.7635642290115356 0.7673651576042175
