1.2929924726486206 1.0911046266555786
1.0220249891281128 0.9638394117355347
0.915581464767456 0.8778531551361084
0.8475965261459351 0.8289334774017334
0.8114688992500305 0.8034062385559082
0.7915546298027039 0.7887080907821655
0.7787379026412964 0.7784039974212646
0.7690407037734985 0.7698330879211426
0.7608091831207275 0.7626453638076782
0.753501832485199 0.7557507753372192
0.7467153072357178 0.7492923736572266
0.740679919719696 0.7435523271560669
0.7351258993148804 0.7384364008903503
0.7299942970275879 0.7335837483406067
0.7254634499549866 0.729202151298523
0.7213107943534851 0.7254431247711182
0.7175343036651611 0.7220094799995422
0.7140856385231018 0.7188818454742432
0.7109929919242859 0.7158911228179932
0.7081360220909119 0.7130979895591736
0.7055702209472656 0.7106147408485413
0.7032553553581238 0.7084646821022034
0.7012341022491455 0.706497311592102
0.6993205547332764 0.7046727538108826
0.6976091265678406 0.7031592726707458
0.6959825754165649 0.7018915414810181
0.6945486664772034 0.7002851366996765
0.693057119846344 0.698807954788208
0.6916572451591492 0.6978281140327454
0.690331220626831 0.6962367296218872
